<?xml version="1.0" encoding="UTF-8"?>
<!-- Generated by org.testng.reporters.JUnitReportReporter -->
<testsuite hostname="LAPTOP-HL518OJ5" failures="0" tests="3" name="base.Udemy" time="5.425" errors="0" timestamp="2024-07-20T18:57:45 IST" skipped="0">
  <testcase classname="base.Udemy" name="testLoginSuccessful" time="0.594"/>
  <system-out/>
  <testcase classname="base.Udemy" name="testSearchBar" time="4.638"/>
  <system-out/>
  <testcase classname="base.Udemy" name="testSelectCourse" time="0.193"/>
  <system-out/>
</testsuite> <!-- base.Udemy -->
